<?xml version="1.0" encoding="UTF-8"?>
<!-- Generated by org.testng.reporters.JUnitXMLReporter -->
<testsuite hostname="NST-AGAM" name="Generic_Framework_Use(failed)" tests="1" failures="0" timestamp="3 May 2017 08:31:50 GMT" time="0.187" errors="0">
  <testcase name="@BeforeTest InitiateDriver" time="0.0" classname="com.svam.functional.HomePage">
    <failure type="java.lang.NullPointerException">
      <![CDATA[java.lang.NullPointerException
	at com.svam.core.BaseDriver.getDriver(BaseDriver.java:65)
	at com.svam.core.BaseTest.InitiateDriver(BaseTest.java:54)
... Removed 22 stack frames]]>
    </failure>
  </testcase> <!-- @BeforeTest InitiateDriver -->
  <testcase name="@AfterMethod StopDriver" time="0.0" classname="com.svam.functional.HomePage">
    <skipped/>
  </testcase> <!-- @AfterMethod StopDriver -->
  <testcase name="@AfterTest stopDriver" time="0.0" classname="com.svam.functional.HomePage">
    <skipped/>
  </testcase> <!-- @AfterTest stopDriver -->
  <testcase name="test" time="0.013" classname="com.svam.functional.HomePage">
    <skipped/>
  </testcase> <!-- test -->
</testsuite> <!-- Generic_Framework_Use(failed) -->
