<?xml version="1.0" encoding="UTF-8"?>
<!-- Generated by org.testng.reporters.JUnitXMLReporter -->
<testsuite hostname="NST-AGAM" name="PublicWebSite" tests="2" failures="0" timestamp="27 Nov 2017 15:59:06 GMT" time="270.633" errors="0">
  <testcase name="registrationTest" time="136.92" classname="com.twentyeighty.functional.PublicWebsiteRegistrationTest"/>
  <testcase name="registrationTest" time="103.929" classname="com.twentyeighty.functional.PublicWebsiteRegistrationTest"/>
</testsuite> <!-- PublicWebSite -->
